c:\users\angelo.demello\desktop\restaurantfinal\restaurantfinal\restaurantfinal\debug\restaurantfinal.pch
c:\users\angelo.demello\desktop\restaurantfinal\restaurantfinal\restaurantfinal\debug\vc141.pdb
c:\users\angelo.demello\desktop\restaurantfinal\restaurantfinal\restaurantfinal\debug\vc141.idb
c:\users\angelo.demello\desktop\restaurantfinal\restaurantfinal\restaurantfinal\debug\stdafx.obj
c:\users\angelo.demello\desktop\restaurantfinal\restaurantfinal\restaurantfinal\debug\restaurantfinal.obj
c:\users\angelo.demello\desktop\restaurantfinal\restaurantfinal\restaurantfinal\debug\food.obj
c:\users\angelo.demello\desktop\restaurantfinal\restaurantfinal\restaurantfinal\debug\restaurant.obj
c:\users\angelo.demello\desktop\restaurantfinal\restaurantfinal\restaurantfinal\debug\order.obj
c:\users\angelo.demello\desktop\restaurantfinal\restaurantfinal\debug\restaurantfinal.pch
c:\users\angelo.demello\desktop\restaurantfinal\restaurantfinal\debug\vc141.pdb
c:\users\angelo.demello\desktop\restaurantfinal\restaurantfinal\debug\vc141.idb
c:\users\angelo.demello\desktop\restaurantfinal\restaurantfinal\debug\stdafx.obj
c:\users\angelo.demello\desktop\restaurantfinal\restaurantfinal\debug\restaurantfinal.obj
c:\users\angelo.demello\desktop\restaurantfinal\restaurantfinal\debug\restaurant.obj
c:\users\angelo.demello\desktop\restaurantfinal\restaurantfinal\debug\order.obj
c:\users\angelo.demello\desktop\restaurantfinal\restaurantfinal\debug\food.obj
c:\users\angelo.demello\desktop\restaurantfinal\restaurantfinal\debug\restaurantfinal.exe
c:\users\angelo.demello\desktop\restaurantfinal\restaurantfinal\debug\restaurantfinal.ilk
c:\users\angelo.demello\desktop\restaurantfinal\restaurantfinal\debug\restaurantfinal.pdb
c:\users\angelo.demello\desktop\restaurantfinal\debug\restaurantfinal.pdb
c:\users\angelo.demello\desktop\restaurantfinal\restaurantfinal\debug\restaurantfinal.tlog\cl.command.1.tlog
c:\users\angelo.demello\desktop\restaurantfinal\restaurantfinal\debug\restaurantfinal.tlog\cl.read.1.tlog
c:\users\angelo.demello\desktop\restaurantfinal\restaurantfinal\debug\restaurantfinal.tlog\cl.write.1.tlog
c:\users\angelo.demello\desktop\restaurantfinal\restaurantfinal\debug\restaurantfinal.tlog\link.command.1.tlog
c:\users\angelo.demello\desktop\restaurantfinal\restaurantfinal\debug\restaurantfinal.tlog\link.read.1.tlog
c:\users\angelo.demello\desktop\restaurantfinal\restaurantfinal\debug\restaurantfinal.tlog\link.write.1.tlog
