  stdafx.cpp
  Food.cpp
  Order.cpp
  Restaurant.cpp
c:\users\angelo\desktop\gitccc\columbiacollegechicago\c++2\restaurantfinal\restaurantfinal\restaurant.cpp(32): warning C4018: '<': signed/unsigned mismatch
c:\users\angelo\desktop\gitccc\columbiacollegechicago\c++2\restaurantfinal\restaurantfinal\restaurant.cpp(49): warning C4018: '<': signed/unsigned mismatch
c:\users\angelo\desktop\gitccc\columbiacollegechicago\c++2\restaurantfinal\restaurantfinal\restaurant.cpp(100): warning C4018: '<': signed/unsigned mismatch
c:\users\angelo\desktop\gitccc\columbiacollegechicago\c++2\restaurantfinal\restaurantfinal\restaurant.cpp(108): warning C4018: '<': signed/unsigned mismatch
c:\users\angelo\desktop\gitccc\columbiacollegechicago\c++2\restaurantfinal\restaurantfinal\restaurant.cpp(118): warning C4018: '<=': signed/unsigned mismatch
c:\users\angelo\desktop\gitccc\columbiacollegechicago\c++2\restaurantfinal\restaurantfinal\restaurant.cpp(122): warning C4018: '<': signed/unsigned mismatch
c:\users\angelo\desktop\gitccc\columbiacollegechicago\c++2\restaurantfinal\restaurantfinal\restaurant.cpp(150): warning C4018: '<': signed/unsigned mismatch
c:\users\angelo\desktop\gitccc\columbiacollegechicago\c++2\restaurantfinal\restaurantfinal\restaurant.cpp(158): warning C4244: 'initializing': conversion from 'double' to 'int', possible loss of data
c:\users\angelo\desktop\gitccc\columbiacollegechicago\c++2\restaurantfinal\restaurantfinal\restaurant.cpp(161): warning C4244: 'initializing': conversion from 'double' to 'int', possible loss of data
c:\users\angelo\desktop\gitccc\columbiacollegechicago\c++2\restaurantfinal\restaurantfinal\restaurant.cpp(164): warning C4244: 'initializing': conversion from 'double' to 'int', possible loss of data
c:\users\angelo\desktop\gitccc\columbiacollegechicago\c++2\restaurantfinal\restaurantfinal\restaurant.cpp(167): warning C4244: 'initializing': conversion from 'double' to 'int', possible loss of data
c:\users\angelo\desktop\gitccc\columbiacollegechicago\c++2\restaurantfinal\restaurantfinal\restaurant.cpp(170): warning C4244: 'initializing': conversion from 'double' to 'int', possible loss of data
  RestaurantFinal.cpp
  Generating Code...
  LINK : C:\Users\Angelo\Desktop\GitCCC\ColumbiaCollegeChicago\C++2\RestaurantFinal\Debug\RestaurantFinal.exe not found or not built by the last incremental link; performing full link
  RestaurantFinal.vcxproj -> C:\Users\Angelo\Desktop\GitCCC\ColumbiaCollegeChicago\C++2\RestaurantFinal\Debug\RestaurantFinal.exe
